

[31m2018/08/30 21:13:25 [Recovery] panic recovered:
GET /api/sms-query HTTP/1.1
Host: 127.0.0.1:8080
Accept: text/html,application/xhtml+xml,application/xml;q=0.9,image/webp,image/apng,*/*;q=0.8
Accept-Encoding: gzip, deflate, br
Accept-Language: zh-CN,zh;q=0.9,en;q=0.8
Cache-Control: max-age=0
Connection: keep-alive
Upgrade-Insecure-Requests: 1
User-Agent: Mozilla/5.0 (Macintosh; Intel Mac OS X 10_13_4) AppleWebKit/537.36 (KHTML, like Gecko) Chrome/68.0.3440.106 Safari/537.36


222
/usr/local/go/src/runtime/panic.go:502 (0x102aca8)
	gopanic: reflectcall(nil, unsafe.Pointer(d.fn), deferArgs(d), uint32(d.siz), uint32(d.siz))
/Users/anthony/Project/go/src/gitee.com/king19800105/husms_sms_core/app/http/controllers/sms.go:15 (0x1674708)
	SMSQuery: panic("222")
/Users/anthony/Project/go/src/gitee.com/king19800105/husms_sms_core/vendor/github.com/gin-gonic/gin/context.go:104 (0x1662602)
	(*Context).Next: c.handlers[c.index](c)
/Users/anthony/Project/go/src/gitee.com/king19800105/husms_sms_core/vendor/github.com/gin-gonic/gin/recovery.go:45 (0x16720e9)
	RecoveryWithWriter.func1: c.Next()
/Users/anthony/Project/go/src/gitee.com/king19800105/husms_sms_core/vendor/github.com/gin-gonic/gin/context.go:104 (0x1662602)
	(*Context).Next: c.handlers[c.index](c)
/Users/anthony/Project/go/src/gitee.com/king19800105/husms_sms_core/vendor/github.com/gin-gonic/gin/logger.go:79 (0x1671506)
	LoggerWithWriter.func1: c.Next()
/Users/anthony/Project/go/src/gitee.com/king19800105/husms_sms_core/vendor/github.com/gin-gonic/gin/context.go:104 (0x1662602)
	(*Context).Next: c.handlers[c.index](c)
/Users/anthony/Project/go/src/gitee.com/king19800105/husms_sms_core/vendor/github.com/gin-gonic/gin/gin.go:332 (0x16696a4)
	(*Engine).handleHTTPRequest: context.Next()
/Users/anthony/Project/go/src/gitee.com/king19800105/husms_sms_core/vendor/github.com/gin-gonic/gin/gin.go:296 (0x1668ef2)
	(*Engine).ServeHTTP: engine.handleHTTPRequest(c)
/usr/local/go/src/net/http/server.go:2694 (0x141753b)
	serverHandler.ServeHTTP: handler.ServeHTTP(rw, req)
/usr/local/go/src/net/http/server.go:1830 (0x14136f0)
	(*conn).serve: serverHandler{c.server}.ServeHTTP(w, w.req)
/usr/local/go/src/runtime/asm_amd64.s:2361 (0x1056510)
	goexit: BYTE	$0x90	// NOP
[0m


[31m2018/08/30 21:13:27 [Recovery] panic recovered:
GET /api/sms-query HTTP/1.1
Host: 127.0.0.1:8080
Accept: text/html,application/xhtml+xml,application/xml;q=0.9,image/webp,image/apng,*/*;q=0.8
Accept-Encoding: gzip, deflate, br
Accept-Language: zh-CN,zh;q=0.9,en;q=0.8
Cache-Control: max-age=0
Connection: keep-alive
Upgrade-Insecure-Requests: 1
User-Agent: Mozilla/5.0 (Macintosh; Intel Mac OS X 10_13_4) AppleWebKit/537.36 (KHTML, like Gecko) Chrome/68.0.3440.106 Safari/537.36


222
/usr/local/go/src/runtime/panic.go:502 (0x102aca8)
	gopanic: reflectcall(nil, unsafe.Pointer(d.fn), deferArgs(d), uint32(d.siz), uint32(d.siz))
/Users/anthony/Project/go/src/gitee.com/king19800105/husms_sms_core/app/http/controllers/sms.go:15 (0x1674708)
	SMSQuery: panic("222")
/Users/anthony/Project/go/src/gitee.com/king19800105/husms_sms_core/vendor/github.com/gin-gonic/gin/context.go:104 (0x1662602)
	(*Context).Next: c.handlers[c.index](c)
/Users/anthony/Project/go/src/gitee.com/king19800105/husms_sms_core/vendor/github.com/gin-gonic/gin/recovery.go:45 (0x16720e9)
	RecoveryWithWriter.func1: c.Next()
/Users/anthony/Project/go/src/gitee.com/king19800105/husms_sms_core/vendor/github.com/gin-gonic/gin/context.go:104 (0x1662602)
	(*Context).Next: c.handlers[c.index](c)
/Users/anthony/Project/go/src/gitee.com/king19800105/husms_sms_core/vendor/github.com/gin-gonic/gin/logger.go:79 (0x1671506)
	LoggerWithWriter.func1: c.Next()
/Users/anthony/Project/go/src/gitee.com/king19800105/husms_sms_core/vendor/github.com/gin-gonic/gin/context.go:104 (0x1662602)
	(*Context).Next: c.handlers[c.index](c)
/Users/anthony/Project/go/src/gitee.com/king19800105/husms_sms_core/vendor/github.com/gin-gonic/gin/gin.go:332 (0x16696a4)
	(*Engine).handleHTTPRequest: context.Next()
/Users/anthony/Project/go/src/gitee.com/king19800105/husms_sms_core/vendor/github.com/gin-gonic/gin/gin.go:296 (0x1668ef2)
	(*Engine).ServeHTTP: engine.handleHTTPRequest(c)
/usr/local/go/src/net/http/server.go:2694 (0x141753b)
	serverHandler.ServeHTTP: handler.ServeHTTP(rw, req)
/usr/local/go/src/net/http/server.go:1830 (0x14136f0)
	(*conn).serve: serverHandler{c.server}.ServeHTTP(w, w.req)
/usr/local/go/src/runtime/asm_amd64.s:2361 (0x1056510)
	goexit: BYTE	$0x90	// NOP
[0m
